{"C:\\Users\\Vitjohn Technology\\Desktop\\Great Brands Nigeria Limited\\app.js": {"path":"C:\\Users\\Vitjohn Technology\\Desktop\\Great Brands Nigeria Limited\\app.js","statementMap":{"0":{"start":{"line":1,"column":16},"end":{"line":1,"column":34}},"1":{"start":{"line":2,"column":16},"end":{"line":2,"column":42}},"2":{"start":{"line":3,"column":25},"end":{"line":3,"column":41}},"3":{"start":{"line":4,"column":23},"end":{"line":4,"column":47}},"4":{"start":{"line":5,"column":13},"end":{"line":5,"column":28}},"5":{"start":{"line":6,"column":15},"end":{"line":6,"column":32}},"6":{"start":{"line":7,"column":21},"end":{"line":7,"column":45}},"7":{"start":{"line":8,"column":15},"end":{"line":8,"column":32}},"8":{"start":{"line":9,"column":13},"end":{"line":9,"column":33}},"9":{"start":{"line":10,"column":11},"end":{"line":10,"column":33}},"10":{"start":{"line":11,"column":19},"end":{"line":11,"column":49}},"11":{"start":{"line":12,"column":20},"end":{"line":12,"column":51}},"12":{"start":{"line":13,"column":22},"end":{"line":13,"column":55}},"13":{"start":{"line":14,"column":22},"end":{"line":14,"column":56}},"14":{"start":{"line":15,"column":24},"end":{"line":15,"column":62}},"15":{"start":{"line":17,"column":0},"end":{"line":17,"column":27}},"16":{"start":{"line":18,"column":12},"end":{"line":18,"column":21}},"17":{"start":{"line":21,"column":20},"end":{"line":21,"column":34}},"18":{"start":{"line":22,"column":0},"end":{"line":22,"column":43}},"19":{"start":{"line":25,"column":19},"end":{"line":28,"column":2}},"20":{"start":{"line":31,"column":0},"end":{"line":31,"column":24}},"21":{"start":{"line":32,"column":0},"end":{"line":32,"column":16}},"22":{"start":{"line":33,"column":0},"end":{"line":33,"column":23}},"23":{"start":{"line":34,"column":0},"end":{"line":34,"column":24}},"24":{"start":{"line":37,"column":0},"end":{"line":44,"column":2}},"25":{"start":{"line":49,"column":0},"end":{"line":49,"column":33}},"26":{"start":{"line":50,"column":0},"end":{"line":50,"column":49}},"27":{"start":{"line":51,"column":0},"end":{"line":51,"column":53}},"28":{"start":{"line":52,"column":0},"end":{"line":52,"column":53}},"29":{"start":{"line":54,"column":0},"end":{"line":56,"column":3}},"30":{"start":{"line":55,"column":2},"end":{"line":55,"column":49}},"31":{"start":{"line":59,"column":0},"end":{"line":68,"column":3}},"32":{"start":{"line":60,"column":2},"end":{"line":67,"column":3}},"33":{"start":{"line":61,"column":21},"end":{"line":63,"column":5}},"34":{"start":{"line":64,"column":4},"end":{"line":64,"column":67}},"35":{"start":{"line":66,"column":4},"end":{"line":66,"column":61}},"36":{"start":{"line":70,"column":13},"end":{"line":70,"column":37}},"37":{"start":{"line":71,"column":15},"end":{"line":73,"column":2}},"38":{"start":{"line":72,"column":2},"end":{"line":72,"column":48}},"39":{"start":{"line":75,"column":0},"end":{"line":75,"column":33}}},"fnMap":{"0":{"name":"(anonymous_0)","decl":{"start":{"line":54,"column":21},"end":{"line":54,"column":22}},"loc":{"start":{"line":54,"column":35},"end":{"line":56,"column":1}},"line":54},"1":{"name":"(anonymous_1)","decl":{"start":{"line":59,"column":27},"end":{"line":59,"column":28}},"loc":{"start":{"line":59,"column":39},"end":{"line":68,"column":1}},"line":59},"2":{"name":"(anonymous_2)","decl":{"start":{"line":71,"column":32},"end":{"line":71,"column":33}},"loc":{"start":{"line":71,"column":38},"end":{"line":73,"column":1}},"line":71}},"branchMap":{"0":{"loc":{"start":{"line":42,"column":12},"end":{"line":42,"column":56}},"type":"binary-expr","locations":[{"start":{"line":42,"column":12},"end":{"line":42,"column":38}},{"start":{"line":42,"column":42},"end":{"line":42,"column":56}}],"line":42},"1":{"loc":{"start":{"line":70,"column":13},"end":{"line":70,"column":37}},"type":"binary-expr","locations":[{"start":{"line":70,"column":13},"end":{"line":70,"column":29}},{"start":{"line":70,"column":33},"end":{"line":70,"column":37}}],"line":70}},"s":{"0":2,"1":2,"2":2,"3":2,"4":2,"5":2,"6":2,"7":2,"8":2,"9":2,"10":2,"11":2,"12":2,"13":2,"14":2,"15":2,"16":2,"17":2,"18":2,"19":2,"20":2,"21":2,"22":2,"23":2,"24":2,"25":2,"26":2,"27":2,"28":2,"29":2,"30":0,"31":2,"32":0,"33":0,"34":0,"35":0,"36":2,"37":2,"38":1,"39":2},"f":{"0":0,"1":0,"2":1},"b":{"0":[2,2],"1":[2,0]},"_coverageSchema":"1a1c01bbd47fc00a2c39e90264f33305004495a9","hash":"6f32bcd97de026b21a620e1a3f0d47f5da10b949"}
,"C:\\Users\\Vitjohn Technology\\Desktop\\Great Brands Nigeria Limited\\config\\db.js": {"path":"C:\\Users\\Vitjohn Technology\\Desktop\\Great Brands Nigeria Limited\\config\\db.js","statementMap":{"0":{"start":{"line":1,"column":14},"end":{"line":1,"column":39}},"1":{"start":{"line":2,"column":25},"end":{"line":2,"column":41}},"2":{"start":{"line":3,"column":0},"end":{"line":3,"column":27}},"3":{"start":{"line":6,"column":11},"end":{"line":16,"column":2}},"4":{"start":{"line":19,"column":0},"end":{"line":27,"column":5}},"5":{"start":{"line":21,"column":4},"end":{"line":21,"column":46}},"6":{"start":{"line":22,"column":4},"end":{"line":22,"column":25}},"7":{"start":{"line":25,"column":4},"end":{"line":25,"column":52}},"8":{"start":{"line":26,"column":4},"end":{"line":26,"column":20}},"9":{"start":{"line":32,"column":2},"end":{"line":48,"column":3}},"10":{"start":{"line":33,"column":4},"end":{"line":33,"column":42}},"11":{"start":{"line":35,"column":4},"end":{"line":37,"column":5}},"12":{"start":{"line":36,"column":6},"end":{"line":36,"column":52}},"13":{"start":{"line":39,"column":22},"end":{"line":39,"column":59}},"14":{"start":{"line":40,"column":4},"end":{"line":40,"column":19}},"15":{"start":{"line":42,"column":4},"end":{"line":42,"column":57}},"16":{"start":{"line":43,"column":4},"end":{"line":43,"column":16}},"17":{"start":{"line":45,"column":4},"end":{"line":47,"column":5}},"18":{"start":{"line":46,"column":6},"end":{"line":46,"column":27}},"19":{"start":{"line":53,"column":20},"end":{"line":58,"column":2}},"20":{"start":{"line":61,"column":2},"end":{"line":67,"column":3}},"21":{"start":{"line":62,"column":4},"end":{"line":62,"column":32}},"22":{"start":{"line":63,"column":4},"end":{"line":63,"column":50}},"23":{"start":{"line":65,"column":4},"end":{"line":65,"column":52}},"24":{"start":{"line":66,"column":4},"end":{"line":66,"column":20}},"25":{"start":{"line":71,"column":0},"end":{"line":71,"column":15}},"26":{"start":{"line":73,"column":0},"end":{"line":73,"column":52}}},"fnMap":{"0":{"name":"(anonymous_0)","decl":{"start":{"line":20,"column":8},"end":{"line":20,"column":9}},"loc":{"start":{"line":20,"column":24},"end":{"line":23,"column":3}},"line":20},"1":{"name":"(anonymous_1)","decl":{"start":{"line":24,"column":9},"end":{"line":24,"column":10}},"loc":{"start":{"line":24,"column":18},"end":{"line":27,"column":3}},"line":24},"2":{"name":"queryDatabase","decl":{"start":{"line":30,"column":15},"end":{"line":30,"column":28}},"loc":{"start":{"line":30,"column":47},"end":{"line":49,"column":1}},"line":30},"3":{"name":"connectRedis","decl":{"start":{"line":60,"column":15},"end":{"line":60,"column":27}},"loc":{"start":{"line":60,"column":30},"end":{"line":68,"column":1}},"line":60}},"branchMap":{"0":{"loc":{"start":{"line":10,"column":12},"end":{"line":10,"column":92}},"type":"cond-expr","locations":[{"start":{"line":10,"column":46},"end":{"line":10,"column":70}},{"start":{"line":10,"column":73},"end":{"line":10,"column":92}}],"line":10},"1":{"loc":{"start":{"line":30,"column":34},"end":{"line":30,"column":45}},"type":"default-arg","locations":[{"start":{"line":30,"column":43},"end":{"line":30,"column":45}}],"line":30},"2":{"loc":{"start":{"line":35,"column":4},"end":{"line":37,"column":5}},"type":"if","locations":[{"start":{"line":35,"column":4},"end":{"line":37,"column":5}},{"start":{},"end":{}}],"line":35},"3":{"loc":{"start":{"line":45,"column":4},"end":{"line":47,"column":5}},"type":"if","locations":[{"start":{"line":45,"column":4},"end":{"line":47,"column":5}},{"start":{},"end":{}}],"line":45}},"s":{"0":1,"1":1,"2":1,"3":1,"4":1,"5":1,"6":1,"7":0,"8":0,"9":0,"10":0,"11":0,"12":0,"13":0,"14":0,"15":0,"16":0,"17":0,"18":0,"19":1,"20":1,"21":1,"22":1,"23":0,"24":0,"25":1,"26":1},"f":{"0":1,"1":0,"2":0,"3":1},"b":{"0":[1,0],"1":[0],"2":[0,0],"3":[0,0]},"_coverageSchema":"1a1c01bbd47fc00a2c39e90264f33305004495a9","hash":"eb48562632c093adf745deec85e4af4d50c9079f"}
,"C:\\Users\\Vitjohn Technology\\Desktop\\Great Brands Nigeria Limited\\controllers\\authController.js": {"path":"C:\\Users\\Vitjohn Technology\\Desktop\\Great Brands Nigeria Limited\\controllers\\authController.js","statementMap":{"0":{"start":{"line":1,"column":15},"end":{"line":1,"column":32}},"1":{"start":{"line":2,"column":12},"end":{"line":2,"column":35}},"2":{"start":{"line":3,"column":49},"end":{"line":3,"column":74}},"3":{"start":{"line":4,"column":27},"end":{"line":4,"column":50}},"4":{"start":{"line":5,"column":43},"end":{"line":5,"column":66}},"5":{"start":{"line":6,"column":52},"end":{"line":6,"column":82}},"6":{"start":{"line":7,"column":0},"end":{"line":7,"column":27}},"7":{"start":{"line":10,"column":25},"end":{"line":19,"column":1}},"8":{"start":{"line":11,"column":2},"end":{"line":18,"column":3}},"9":{"start":{"line":12,"column":4},"end":{"line":14,"column":5}},"10":{"start":{"line":13,"column":6},"end":{"line":13,"column":34}},"11":{"start":{"line":15,"column":4},"end":{"line":15,"column":16}},"12":{"start":{"line":17,"column":4},"end":{"line":17,"column":17}},"13":{"start":{"line":23,"column":21},"end":{"line":57,"column":1}},"14":{"start":{"line":24,"column":2},"end":{"line":56,"column":3}},"15":{"start":{"line":25,"column":48},"end":{"line":25,"column":56}},"16":{"start":{"line":27,"column":4},"end":{"line":29,"column":5}},"17":{"start":{"line":28,"column":6},"end":{"line":28,"column":74}},"18":{"start":{"line":31,"column":4},"end":{"line":31,"column":54}},"19":{"start":{"line":32,"column":25},"end":{"line":32,"column":92}},"20":{"start":{"line":34,"column":4},"end":{"line":36,"column":5}},"21":{"start":{"line":35,"column":6},"end":{"line":35,"column":70}},"22":{"start":{"line":39,"column":27},"end":{"line":39,"column":58}},"23":{"start":{"line":40,"column":4},"end":{"line":40,"column":54}},"24":{"start":{"line":43,"column":24},"end":{"line":43,"column":97}},"25":{"start":{"line":44,"column":19},"end":{"line":44,"column":92}},"26":{"start":{"line":46,"column":4},"end":{"line":52,"column":5}},"27":{"start":{"line":47,"column":6},"end":{"line":47,"column":60}},"28":{"start":{"line":48,"column":6},"end":{"line":48,"column":79}},"29":{"start":{"line":50,"column":6},"end":{"line":50,"column":48}},"30":{"start":{"line":51,"column":6},"end":{"line":51,"column":75}},"31":{"start":{"line":54,"column":4},"end":{"line":54,"column":50}},"32":{"start":{"line":55,"column":4},"end":{"line":55,"column":63}},"33":{"start":{"line":59,"column":29},"end":{"line":69,"column":1}},"34":{"start":{"line":60,"column":2},"end":{"line":68,"column":3}},"35":{"start":{"line":61,"column":18},"end":{"line":61,"column":34}},"36":{"start":{"line":62,"column":20},"end":{"line":62,"column":61}},"37":{"start":{"line":64,"column":4},"end":{"line":64,"column":33}},"38":{"start":{"line":65,"column":4},"end":{"line":65,"column":29}},"39":{"start":{"line":67,"column":4},"end":{"line":67,"column":78}},"40":{"start":{"line":72,"column":18},"end":{"line":121,"column":1}},"41":{"start":{"line":73,"column":2},"end":{"line":120,"column":3}},"42":{"start":{"line":74,"column":32},"end":{"line":74,"column":40}},"43":{"start":{"line":75,"column":4},"end":{"line":75,"column":47}},"44":{"start":{"line":77,"column":23},"end":{"line":77,"column":47}},"45":{"start":{"line":78,"column":4},"end":{"line":78,"column":48}},"46":{"start":{"line":80,"column":4},"end":{"line":116,"column":5}},"47":{"start":{"line":81,"column":24},"end":{"line":84,"column":7}},"48":{"start":{"line":86,"column":6},"end":{"line":88,"column":7}},"49":{"start":{"line":87,"column":8},"end":{"line":87,"column":72}},"50":{"start":{"line":90,"column":19},"end":{"line":90,"column":29}},"51":{"start":{"line":91,"column":6},"end":{"line":91,"column":39}},"52":{"start":{"line":93,"column":6},"end":{"line":95,"column":7}},"53":{"start":{"line":94,"column":8},"end":{"line":94,"column":72}},"54":{"start":{"line":97,"column":6},"end":{"line":99,"column":7}},"55":{"start":{"line":98,"column":8},"end":{"line":98,"column":73}},"56":{"start":{"line":102,"column":44},"end":{"line":102,"column":64}},"57":{"start":{"line":103,"column":6},"end":{"line":103,"column":38}},"58":{"start":{"line":106,"column":6},"end":{"line":110,"column":7}},"59":{"start":{"line":107,"column":8},"end":{"line":107,"column":91}},"60":{"start":{"line":108,"column":8},"end":{"line":108,"column":73}},"61":{"start":{"line":109,"column":8},"end":{"line":109,"column":46}},"62":{"start":{"line":112,"column":6},"end":{"line":112,"column":75}},"63":{"start":{"line":114,"column":6},"end":{"line":114,"column":27}},"64":{"start":{"line":115,"column":6},"end":{"line":115,"column":50}},"65":{"start":{"line":118,"column":4},"end":{"line":118,"column":41}},"66":{"start":{"line":119,"column":4},"end":{"line":119,"column":60}},"67":{"start":{"line":125,"column":18},"end":{"line":156,"column":1}},"68":{"start":{"line":126,"column":2},"end":{"line":155,"column":3}},"69":{"start":{"line":127,"column":27},"end":{"line":127,"column":35}},"70":{"start":{"line":129,"column":22},"end":{"line":129,"column":88}},"71":{"start":{"line":131,"column":4},"end":{"line":133,"column":5}},"72":{"start":{"line":132,"column":6},"end":{"line":132,"column":73}},"73":{"start":{"line":135,"column":22},"end":{"line":135,"column":94}},"74":{"start":{"line":137,"column":4},"end":{"line":139,"column":5}},"75":{"start":{"line":138,"column":6},"end":{"line":138,"column":65}},"76":{"start":{"line":141,"column":17},"end":{"line":141,"column":27}},"77":{"start":{"line":143,"column":18},"end":{"line":147,"column":5}},"78":{"start":{"line":150,"column":4},"end":{"line":150,"column":42}},"79":{"start":{"line":152,"column":4},"end":{"line":152,"column":53}},"80":{"start":{"line":154,"column":4},"end":{"line":154,"column":71}},"81":{"start":{"line":159,"column":0},"end":{"line":167,"column":2}},"82":{"start":{"line":160,"column":2},"end":{"line":166,"column":3}},"83":{"start":{"line":161,"column":22},"end":{"line":161,"column":107}},"84":{"start":{"line":162,"column":4},"end":{"line":162,"column":87}},"85":{"start":{"line":162,"column":30},"end":{"line":162,"column":87}},"86":{"start":{"line":163,"column":4},"end":{"line":163,"column":37}},"87":{"start":{"line":165,"column":4},"end":{"line":165,"column":76}},"88":{"start":{"line":170,"column":21},"end":{"line":177,"column":3}},"89":{"start":{"line":171,"column":4},"end":{"line":176,"column":6}},"90":{"start":{"line":172,"column":6},"end":{"line":174,"column":7}},"91":{"start":{"line":173,"column":8},"end":{"line":173,"column":95}},"92":{"start":{"line":175,"column":6},"end":{"line":175,"column":13}},"93":{"start":{"line":180,"column":21},"end":{"line":199,"column":3}},"94":{"start":{"line":181,"column":4},"end":{"line":198,"column":5}},"95":{"start":{"line":182,"column":20},"end":{"line":182,"column":71}},"96":{"start":{"line":183,"column":6},"end":{"line":183,"column":80}},"97":{"start":{"line":183,"column":18},"end":{"line":183,"column":80}},"98":{"start":{"line":185,"column":22},"end":{"line":185,"column":63}},"99":{"start":{"line":187,"column":6},"end":{"line":193,"column":7}},"100":{"start":{"line":188,"column":8},"end":{"line":188,"column":60}},"101":{"start":{"line":189,"column":8},"end":{"line":189,"column":59}},"102":{"start":{"line":190,"column":8},"end":{"line":190,"column":70}},"103":{"start":{"line":192,"column":8},"end":{"line":192,"column":84}},"104":{"start":{"line":195,"column":6},"end":{"line":195,"column":49}},"105":{"start":{"line":197,"column":6},"end":{"line":197,"column":63}},"106":{"start":{"line":203,"column":26},"end":{"line":217,"column":3}},"107":{"start":{"line":204,"column":19},"end":{"line":204,"column":30}},"108":{"start":{"line":206,"column":4},"end":{"line":216,"column":5}},"109":{"start":{"line":207,"column":21},"end":{"line":207,"column":91}},"110":{"start":{"line":208,"column":6},"end":{"line":210,"column":7}},"111":{"start":{"line":209,"column":8},"end":{"line":209,"column":67}},"112":{"start":{"line":211,"column":6},"end":{"line":211,"column":25}},"113":{"start":{"line":212,"column":6},"end":{"line":212,"column":13}},"114":{"start":{"line":214,"column":6},"end":{"line":214,"column":27}},"115":{"start":{"line":215,"column":6},"end":{"line":215,"column":72}},"116":{"start":{"line":220,"column":0},"end":{"line":220,"column":107}}},"fnMap":{"0":{"name":"(anonymous_0)","decl":{"start":{"line":10,"column":25},"end":{"line":10,"column":26}},"loc":{"start":{"line":10,"column":37},"end":{"line":19,"column":1}},"line":10},"1":{"name":"(anonymous_1)","decl":{"start":{"line":23,"column":21},"end":{"line":23,"column":22}},"loc":{"start":{"line":23,"column":41},"end":{"line":57,"column":1}},"line":23},"2":{"name":"(anonymous_2)","decl":{"start":{"line":59,"column":29},"end":{"line":59,"column":30}},"loc":{"start":{"line":59,"column":49},"end":{"line":69,"column":1}},"line":59},"3":{"name":"(anonymous_3)","decl":{"start":{"line":72,"column":18},"end":{"line":72,"column":19}},"loc":{"start":{"line":72,"column":38},"end":{"line":121,"column":1}},"line":72},"4":{"name":"(anonymous_4)","decl":{"start":{"line":125,"column":18},"end":{"line":125,"column":19}},"loc":{"start":{"line":125,"column":38},"end":{"line":156,"column":1}},"line":125},"5":{"name":"(anonymous_5)","decl":{"start":{"line":159,"column":25},"end":{"line":159,"column":26}},"loc":{"start":{"line":159,"column":45},"end":{"line":167,"column":1}},"line":159},"6":{"name":"(anonymous_6)","decl":{"start":{"line":170,"column":21},"end":{"line":170,"column":22}},"loc":{"start":{"line":170,"column":32},"end":{"line":177,"column":3}},"line":170},"7":{"name":"(anonymous_7)","decl":{"start":{"line":171,"column":11},"end":{"line":171,"column":12}},"loc":{"start":{"line":171,"column":31},"end":{"line":176,"column":5}},"line":171},"8":{"name":"(anonymous_8)","decl":{"start":{"line":180,"column":21},"end":{"line":180,"column":22}},"loc":{"start":{"line":180,"column":41},"end":{"line":199,"column":3}},"line":180},"9":{"name":"(anonymous_9)","decl":{"start":{"line":203,"column":26},"end":{"line":203,"column":27}},"loc":{"start":{"line":203,"column":52},"end":{"line":217,"column":3}},"line":203}},"branchMap":{"0":{"loc":{"start":{"line":12,"column":4},"end":{"line":14,"column":5}},"type":"if","locations":[{"start":{"line":12,"column":4},"end":{"line":14,"column":5}},{"start":{},"end":{}}],"line":12},"1":{"loc":{"start":{"line":27,"column":4},"end":{"line":29,"column":5}},"type":"if","locations":[{"start":{"line":27,"column":4},"end":{"line":29,"column":5}},{"start":{},"end":{}}],"line":27},"2":{"loc":{"start":{"line":27,"column":8},"end":{"line":27,"column":49}},"type":"binary-expr","locations":[{"start":{"line":27,"column":8},"end":{"line":27,"column":13}},{"start":{"line":27,"column":17},"end":{"line":27,"column":26}},{"start":{"line":27,"column":30},"end":{"line":27,"column":36}},{"start":{"line":27,"column":40},"end":{"line":27,"column":49}}],"line":27},"3":{"loc":{"start":{"line":34,"column":4},"end":{"line":36,"column":5}},"type":"if","locations":[{"start":{"line":34,"column":4},"end":{"line":36,"column":5}},{"start":{},"end":{}}],"line":34},"4":{"loc":{"start":{"line":46,"column":4},"end":{"line":52,"column":5}},"type":"if","locations":[{"start":{"line":46,"column":4},"end":{"line":52,"column":5}},{"start":{"line":49,"column":11},"end":{"line":52,"column":5}}],"line":46},"5":{"loc":{"start":{"line":86,"column":6},"end":{"line":88,"column":7}},"type":"if","locations":[{"start":{"line":86,"column":6},"end":{"line":88,"column":7}},{"start":{},"end":{}}],"line":86},"6":{"loc":{"start":{"line":93,"column":6},"end":{"line":95,"column":7}},"type":"if","locations":[{"start":{"line":93,"column":6},"end":{"line":95,"column":7}},{"start":{},"end":{}}],"line":93},"7":{"loc":{"start":{"line":97,"column":6},"end":{"line":99,"column":7}},"type":"if","locations":[{"start":{"line":97,"column":6},"end":{"line":99,"column":7}},{"start":{},"end":{}}],"line":97},"8":{"loc":{"start":{"line":106,"column":6},"end":{"line":110,"column":7}},"type":"if","locations":[{"start":{"line":106,"column":6},"end":{"line":110,"column":7}},{"start":{},"end":{}}],"line":106},"9":{"loc":{"start":{"line":129,"column":22},"end":{"line":129,"column":88}},"type":"cond-expr","locations":[{"start":{"line":129,"column":44},"end":{"line":129,"column":81}},{"start":{"line":129,"column":84},"end":{"line":129,"column":88}}],"line":129},"10":{"loc":{"start":{"line":131,"column":4},"end":{"line":133,"column":5}},"type":"if","locations":[{"start":{"line":131,"column":4},"end":{"line":133,"column":5}},{"start":{},"end":{}}],"line":131},"11":{"loc":{"start":{"line":131,"column":8},"end":{"line":131,"column":39}},"type":"binary-expr","locations":[{"start":{"line":131,"column":8},"end":{"line":131,"column":18}},{"start":{"line":131,"column":22},"end":{"line":131,"column":39}}],"line":131},"12":{"loc":{"start":{"line":137,"column":4},"end":{"line":139,"column":5}},"type":"if","locations":[{"start":{"line":137,"column":4},"end":{"line":139,"column":5}},{"start":{},"end":{}}],"line":137},"13":{"loc":{"start":{"line":162,"column":4},"end":{"line":162,"column":87}},"type":"if","locations":[{"start":{"line":162,"column":4},"end":{"line":162,"column":87}},{"start":{},"end":{}}],"line":162},"14":{"loc":{"start":{"line":172,"column":6},"end":{"line":174,"column":7}},"type":"if","locations":[{"start":{"line":172,"column":6},"end":{"line":174,"column":7}},{"start":{},"end":{}}],"line":172},"15":{"loc":{"start":{"line":183,"column":6},"end":{"line":183,"column":80}},"type":"if","locations":[{"start":{"line":183,"column":6},"end":{"line":183,"column":80}},{"start":{},"end":{}}],"line":183},"16":{"loc":{"start":{"line":187,"column":6},"end":{"line":193,"column":7}},"type":"if","locations":[{"start":{"line":187,"column":6},"end":{"line":193,"column":7}},{"start":{"line":191,"column":13},"end":{"line":193,"column":7}}],"line":187},"17":{"loc":{"start":{"line":208,"column":6},"end":{"line":210,"column":7}},"type":"if","locations":[{"start":{"line":208,"column":6},"end":{"line":210,"column":7}},{"start":{},"end":{}}],"line":208}},"s":{"0":2,"1":2,"2":2,"3":2,"4":2,"5":2,"6":2,"7":2,"8":0,"9":0,"10":0,"11":0,"12":0,"13":2,"14":0,"15":0,"16":0,"17":0,"18":0,"19":0,"20":0,"21":0,"22":0,"23":0,"24":0,"25":0,"26":0,"27":0,"28":0,"29":0,"30":0,"31":0,"32":0,"33":2,"34":0,"35":0,"36":0,"37":0,"38":0,"39":0,"40":2,"41":0,"42":0,"43":0,"44":0,"45":0,"46":0,"47":0,"48":0,"49":0,"50":0,"51":0,"52":0,"53":0,"54":0,"55":0,"56":0,"57":0,"58":0,"59":0,"60":0,"61":0,"62":0,"63":0,"64":0,"65":0,"66":0,"67":2,"68":0,"69":0,"70":0,"71":0,"72":0,"73":0,"74":0,"75":0,"76":0,"77":0,"78":0,"79":0,"80":0,"81":2,"82":0,"83":0,"84":0,"85":0,"86":0,"87":0,"88":2,"89":0,"90":0,"91":0,"92":0,"93":2,"94":0,"95":0,"96":0,"97":0,"98":0,"99":0,"100":0,"101":0,"102":0,"103":0,"104":0,"105":0,"106":2,"107":3,"108":3,"109":3,"110":3,"111":0,"112":3,"113":3,"114":0,"115":0,"116":2},"f":{"0":0,"1":0,"2":0,"3":0,"4":0,"5":0,"6":0,"7":0,"8":0,"9":3},"b":{"0":[0,0],"1":[0,0],"2":[0,0,0,0],"3":[0,0],"4":[0,0],"5":[0,0],"6":[0,0],"7":[0,0],"8":[0,0],"9":[0,0],"10":[0,0],"11":[0,0],"12":[0,0],"13":[0,0],"14":[0,0],"15":[0,0],"16":[0,0],"17":[0,3]},"_coverageSchema":"1a1c01bbd47fc00a2c39e90264f33305004495a9","hash":"f5b34325a523e1eb894c87694cf6c212d2ba87f5"}
,"C:\\Users\\Vitjohn Technology\\Desktop\\Great Brands Nigeria Limited\\controllers\\bookingController.js": {"path":"C:\\Users\\Vitjohn Technology\\Desktop\\Great Brands Nigeria Limited\\controllers\\bookingController.js","statementMap":{"0":{"start":{"line":1,"column":15},"end":{"line":1,"column":38}},"1":{"start":{"line":2,"column":45},"end":{"line":2,"column":83}},"2":{"start":{"line":5,"column":0},"end":{"line":64,"column":4}},"3":{"start":{"line":6,"column":42},"end":{"line":6,"column":50}},"4":{"start":{"line":7,"column":21},"end":{"line":7,"column":24}},"5":{"start":{"line":9,"column":23},"end":{"line":9,"column":47}},"6":{"start":{"line":10,"column":4},"end":{"line":10,"column":40}},"7":{"start":{"line":12,"column":4},"end":{"line":63,"column":5}},"8":{"start":{"line":14,"column":31},"end":{"line":17,"column":7}},"9":{"start":{"line":18,"column":6},"end":{"line":21,"column":7}},"10":{"start":{"line":19,"column":8},"end":{"line":19,"column":36}},"11":{"start":{"line":20,"column":8},"end":{"line":20,"column":93}},"12":{"start":{"line":24,"column":22},"end":{"line":24,"column":136}},"13":{"start":{"line":25,"column":6},"end":{"line":28,"column":7}},"14":{"start":{"line":26,"column":8},"end":{"line":26,"column":36}},"15":{"start":{"line":27,"column":8},"end":{"line":27,"column":71}},"16":{"start":{"line":30,"column":6},"end":{"line":35,"column":7}},"17":{"start":{"line":32,"column":8},"end":{"line":32,"column":130}},"18":{"start":{"line":33,"column":8},"end":{"line":33,"column":34}},"19":{"start":{"line":34,"column":8},"end":{"line":34,"column":70}},"20":{"start":{"line":38,"column":25},"end":{"line":38,"column":82}},"21":{"start":{"line":39,"column":6},"end":{"line":42,"column":7}},"22":{"start":{"line":40,"column":8},"end":{"line":40,"column":36}},"23":{"start":{"line":41,"column":8},"end":{"line":41,"column":82}},"24":{"start":{"line":45,"column":30},"end":{"line":45,"column":67}},"25":{"start":{"line":46,"column":6},"end":{"line":49,"column":7}},"26":{"start":{"line":47,"column":8},"end":{"line":47,"column":36}},"27":{"start":{"line":48,"column":8},"end":{"line":48,"column":80}},"28":{"start":{"line":52,"column":6},"end":{"line":52,"column":204}},"29":{"start":{"line":53,"column":6},"end":{"line":53,"column":118}},"30":{"start":{"line":55,"column":6},"end":{"line":55,"column":32}},"31":{"start":{"line":56,"column":6},"end":{"line":56,"column":82}},"32":{"start":{"line":58,"column":6},"end":{"line":58,"column":34}},"33":{"start":{"line":59,"column":6},"end":{"line":59,"column":27}},"34":{"start":{"line":60,"column":6},"end":{"line":60,"column":65}},"35":{"start":{"line":62,"column":6},"end":{"line":62,"column":27}},"36":{"start":{"line":67,"column":0},"end":{"line":105,"column":2}},"37":{"start":{"line":68,"column":23},"end":{"line":68,"column":31}},"38":{"start":{"line":70,"column":21},"end":{"line":70,"column":45}},"39":{"start":{"line":71,"column":2},"end":{"line":71,"column":38}},"40":{"start":{"line":73,"column":2},"end":{"line":104,"column":3}},"41":{"start":{"line":75,"column":21},"end":{"line":75,"column":111}},"42":{"start":{"line":76,"column":4},"end":{"line":79,"column":5}},"43":{"start":{"line":77,"column":6},"end":{"line":77,"column":34}},"44":{"start":{"line":78,"column":6},"end":{"line":78,"column":67}},"45":{"start":{"line":81,"column":20},"end":{"line":81,"column":38}},"46":{"start":{"line":82,"column":19},"end":{"line":82,"column":36}},"47":{"start":{"line":85,"column":4},"end":{"line":85,"column":97}},"48":{"start":{"line":86,"column":4},"end":{"line":86,"column":116}},"49":{"start":{"line":89,"column":27},"end":{"line":89,"column":141}},"50":{"start":{"line":90,"column":4},"end":{"line":94,"column":5}},"51":{"start":{"line":91,"column":25},"end":{"line":91,"column":48}},"52":{"start":{"line":92,"column":6},"end":{"line":92,"column":167}},"53":{"start":{"line":93,"column":6},"end":{"line":93,"column":113}},"54":{"start":{"line":96,"column":4},"end":{"line":96,"column":30}},"55":{"start":{"line":97,"column":4},"end":{"line":97,"column":71}},"56":{"start":{"line":99,"column":4},"end":{"line":99,"column":32}},"57":{"start":{"line":100,"column":4},"end":{"line":100,"column":25}},"58":{"start":{"line":101,"column":4},"end":{"line":101,"column":65}},"59":{"start":{"line":103,"column":4},"end":{"line":103,"column":25}},"60":{"start":{"line":108,"column":0},"end":{"line":118,"column":2}},"61":{"start":{"line":109,"column":21},"end":{"line":109,"column":31}},"62":{"start":{"line":111,"column":2},"end":{"line":117,"column":3}},"63":{"start":{"line":112,"column":22},"end":{"line":112,"column":113}},"64":{"start":{"line":113,"column":4},"end":{"line":113,"column":38}},"65":{"start":{"line":115,"column":4},"end":{"line":115,"column":25}},"66":{"start":{"line":116,"column":4},"end":{"line":116,"column":72}},"67":{"start":{"line":121,"column":0},"end":{"line":134,"column":2}},"68":{"start":{"line":122,"column":23},"end":{"line":122,"column":33}},"69":{"start":{"line":124,"column":2},"end":{"line":133,"column":3}},"70":{"start":{"line":125,"column":21},"end":{"line":125,"column":85}},"71":{"start":{"line":126,"column":4},"end":{"line":128,"column":5}},"72":{"start":{"line":127,"column":6},"end":{"line":127,"column":68}},"73":{"start":{"line":129,"column":4},"end":{"line":129,"column":70}},"74":{"start":{"line":131,"column":4},"end":{"line":131,"column":25}},"75":{"start":{"line":132,"column":4},"end":{"line":132,"column":66}}},"fnMap":{"0":{"name":"(anonymous_0)","decl":{"start":{"line":5,"column":21},"end":{"line":5,"column":22}},"loc":{"start":{"line":5,"column":41},"end":{"line":64,"column":3}},"line":5},"1":{"name":"(anonymous_1)","decl":{"start":{"line":67,"column":23},"end":{"line":67,"column":24}},"loc":{"start":{"line":67,"column":43},"end":{"line":105,"column":1}},"line":67},"2":{"name":"(anonymous_2)","decl":{"start":{"line":108,"column":28},"end":{"line":108,"column":29}},"loc":{"start":{"line":108,"column":48},"end":{"line":118,"column":1}},"line":108},"3":{"name":"(anonymous_3)","decl":{"start":{"line":121,"column":24},"end":{"line":121,"column":25}},"loc":{"start":{"line":121,"column":44},"end":{"line":134,"column":1}},"line":121}},"branchMap":{"0":{"loc":{"start":{"line":18,"column":6},"end":{"line":21,"column":7}},"type":"if","locations":[{"start":{"line":18,"column":6},"end":{"line":21,"column":7}},{"start":{},"end":{}}],"line":18},"1":{"loc":{"start":{"line":25,"column":6},"end":{"line":28,"column":7}},"type":"if","locations":[{"start":{"line":25,"column":6},"end":{"line":28,"column":7}},{"start":{},"end":{}}],"line":25},"2":{"loc":{"start":{"line":30,"column":6},"end":{"line":35,"column":7}},"type":"if","locations":[{"start":{"line":30,"column":6},"end":{"line":35,"column":7}},{"start":{},"end":{}}],"line":30},"3":{"loc":{"start":{"line":39,"column":6},"end":{"line":42,"column":7}},"type":"if","locations":[{"start":{"line":39,"column":6},"end":{"line":42,"column":7}},{"start":{},"end":{}}],"line":39},"4":{"loc":{"start":{"line":46,"column":6},"end":{"line":49,"column":7}},"type":"if","locations":[{"start":{"line":46,"column":6},"end":{"line":49,"column":7}},{"start":{},"end":{}}],"line":46},"5":{"loc":{"start":{"line":76,"column":4},"end":{"line":79,"column":5}},"type":"if","locations":[{"start":{"line":76,"column":4},"end":{"line":79,"column":5}},{"start":{},"end":{}}],"line":76},"6":{"loc":{"start":{"line":90,"column":4},"end":{"line":94,"column":5}},"type":"if","locations":[{"start":{"line":90,"column":4},"end":{"line":94,"column":5}},{"start":{},"end":{}}],"line":90},"7":{"loc":{"start":{"line":126,"column":4},"end":{"line":128,"column":5}},"type":"if","locations":[{"start":{"line":126,"column":4},"end":{"line":128,"column":5}},{"start":{},"end":{}}],"line":126}},"s":{"0":2,"1":2,"2":2,"3":3,"4":3,"5":3,"6":3,"7":3,"8":3,"9":3,"10":2,"11":2,"12":1,"13":1,"14":0,"15":0,"16":1,"17":0,"18":0,"19":0,"20":1,"21":1,"22":0,"23":0,"24":1,"25":1,"26":0,"27":0,"28":1,"29":1,"30":1,"31":1,"32":0,"33":0,"34":0,"35":3,"36":2,"37":1,"38":1,"39":1,"40":1,"41":1,"42":1,"43":0,"44":0,"45":1,"46":1,"47":1,"48":1,"49":1,"50":1,"51":0,"52":0,"53":0,"54":1,"55":1,"56":0,"57":0,"58":0,"59":1,"60":2,"61":0,"62":0,"63":0,"64":0,"65":0,"66":0,"67":2,"68":0,"69":0,"70":0,"71":0,"72":0,"73":0,"74":0,"75":0},"f":{"0":3,"1":1,"2":0,"3":0},"b":{"0":[2,1],"1":[0,1],"2":[0,1],"3":[0,1],"4":[0,1],"5":[0,1],"6":[0,1],"7":[0,0]},"_coverageSchema":"1a1c01bbd47fc00a2c39e90264f33305004495a9","hash":"48bc62e77e57a1e9567100eb82a8dd159f149341"}
,"C:\\Users\\Vitjohn Technology\\Desktop\\Great Brands Nigeria Limited\\controllers\\eventController.js": {"path":"C:\\Users\\Vitjohn Technology\\Desktop\\Great Brands Nigeria Limited\\controllers\\eventController.js","statementMap":{"0":{"start":{"line":1,"column":11},"end":{"line":1,"column":34}},"1":{"start":{"line":4,"column":24},"end":{"line":19,"column":1}},"2":{"start":{"line":5,"column":89},"end":{"line":5,"column":97}},"3":{"start":{"line":7,"column":16},"end":{"line":10,"column":3}},"4":{"start":{"line":12,"column":2},"end":{"line":18,"column":3}},"5":{"start":{"line":13,"column":21},"end":{"line":13,"column":137}},"6":{"start":{"line":14,"column":4},"end":{"line":14,"column":94}},"7":{"start":{"line":16,"column":4},"end":{"line":16,"column":25}},"8":{"start":{"line":17,"column":4},"end":{"line":17,"column":64}},"9":{"start":{"line":22,"column":20},"end":{"line":42,"column":1}},"10":{"start":{"line":23,"column":22},"end":{"line":23,"column":32}},"11":{"start":{"line":24,"column":89},"end":{"line":24,"column":97}},"12":{"start":{"line":26,"column":16},"end":{"line":30,"column":3}},"13":{"start":{"line":32,"column":2},"end":{"line":41,"column":3}},"14":{"start":{"line":33,"column":21},"end":{"line":33,"column":131}},"15":{"start":{"line":34,"column":4},"end":{"line":36,"column":5}},"16":{"start":{"line":35,"column":6},"end":{"line":35,"column":66}},"17":{"start":{"line":37,"column":4},"end":{"line":37,"column":68}},"18":{"start":{"line":39,"column":4},"end":{"line":39,"column":25}},"19":{"start":{"line":40,"column":4},"end":{"line":40,"column":64}},"20":{"start":{"line":45,"column":20},"end":{"line":58,"column":1}},"21":{"start":{"line":46,"column":22},"end":{"line":46,"column":32}},"22":{"start":{"line":48,"column":2},"end":{"line":57,"column":3}},"23":{"start":{"line":49,"column":21},"end":{"line":49,"column":83}},"24":{"start":{"line":50,"column":4},"end":{"line":52,"column":5}},"25":{"start":{"line":51,"column":6},"end":{"line":51,"column":66}},"26":{"start":{"line":53,"column":4},"end":{"line":53,"column":68}},"27":{"start":{"line":55,"column":4},"end":{"line":55,"column":25}},"28":{"start":{"line":56,"column":4},"end":{"line":56,"column":64}},"29":{"start":{"line":61,"column":20},"end":{"line":74,"column":1}},"30":{"start":{"line":62,"column":22},"end":{"line":62,"column":32}},"31":{"start":{"line":64,"column":2},"end":{"line":73,"column":3}},"32":{"start":{"line":65,"column":21},"end":{"line":65,"column":103}},"33":{"start":{"line":66,"column":4},"end":{"line":68,"column":5}},"34":{"start":{"line":67,"column":6},"end":{"line":67,"column":66}},"35":{"start":{"line":69,"column":4},"end":{"line":69,"column":70}},"36":{"start":{"line":71,"column":4},"end":{"line":71,"column":25}},"37":{"start":{"line":72,"column":4},"end":{"line":72,"column":64}},"38":{"start":{"line":77,"column":23},"end":{"line":98,"column":1}},"39":{"start":{"line":78,"column":22},"end":{"line":78,"column":32}},"40":{"start":{"line":80,"column":2},"end":{"line":97,"column":3}},"41":{"start":{"line":81,"column":20},"end":{"line":81,"column":114}},"42":{"start":{"line":82,"column":23},"end":{"line":82,"column":119}},"43":{"start":{"line":84,"column":4},"end":{"line":86,"column":5}},"44":{"start":{"line":85,"column":6},"end":{"line":85,"column":66}},"45":{"start":{"line":88,"column":4},"end":{"line":93,"column":7}},"46":{"start":{"line":95,"column":4},"end":{"line":95,"column":25}},"47":{"start":{"line":96,"column":4},"end":{"line":96,"column":70}},"48":{"start":{"line":100,"column":0},"end":{"line":106,"column":2}}},"fnMap":{"0":{"name":"(anonymous_0)","decl":{"start":{"line":4,"column":24},"end":{"line":4,"column":25}},"loc":{"start":{"line":4,"column":44},"end":{"line":19,"column":1}},"line":4},"1":{"name":"(anonymous_1)","decl":{"start":{"line":22,"column":20},"end":{"line":22,"column":21}},"loc":{"start":{"line":22,"column":40},"end":{"line":42,"column":1}},"line":22},"2":{"name":"(anonymous_2)","decl":{"start":{"line":45,"column":20},"end":{"line":45,"column":21}},"loc":{"start":{"line":45,"column":40},"end":{"line":58,"column":1}},"line":45},"3":{"name":"(anonymous_3)","decl":{"start":{"line":61,"column":20},"end":{"line":61,"column":21}},"loc":{"start":{"line":61,"column":40},"end":{"line":74,"column":1}},"line":61},"4":{"name":"(anonymous_4)","decl":{"start":{"line":77,"column":23},"end":{"line":77,"column":24}},"loc":{"start":{"line":77,"column":43},"end":{"line":98,"column":1}},"line":77}},"branchMap":{"0":{"loc":{"start":{"line":34,"column":4},"end":{"line":36,"column":5}},"type":"if","locations":[{"start":{"line":34,"column":4},"end":{"line":36,"column":5}},{"start":{},"end":{}}],"line":34},"1":{"loc":{"start":{"line":50,"column":4},"end":{"line":52,"column":5}},"type":"if","locations":[{"start":{"line":50,"column":4},"end":{"line":52,"column":5}},{"start":{},"end":{}}],"line":50},"2":{"loc":{"start":{"line":66,"column":4},"end":{"line":68,"column":5}},"type":"if","locations":[{"start":{"line":66,"column":4},"end":{"line":68,"column":5}},{"start":{},"end":{}}],"line":66},"3":{"loc":{"start":{"line":84,"column":4},"end":{"line":86,"column":5}},"type":"if","locations":[{"start":{"line":84,"column":4},"end":{"line":86,"column":5}},{"start":{},"end":{}}],"line":84}},"s":{"0":2,"1":2,"2":0,"3":0,"4":0,"5":0,"6":0,"7":0,"8":0,"9":2,"10":0,"11":0,"12":0,"13":0,"14":0,"15":0,"16":0,"17":0,"18":0,"19":0,"20":2,"21":0,"22":0,"23":0,"24":0,"25":0,"26":0,"27":0,"28":0,"29":2,"30":0,"31":0,"32":0,"33":0,"34":0,"35":0,"36":0,"37":0,"38":2,"39":0,"40":0,"41":0,"42":0,"43":0,"44":0,"45":0,"46":0,"47":0,"48":2},"f":{"0":0,"1":0,"2":0,"3":0,"4":0},"b":{"0":[0,0],"1":[0,0],"2":[0,0],"3":[0,0]},"_coverageSchema":"1a1c01bbd47fc00a2c39e90264f33305004495a9","hash":"4cfa5e9da4179a45d8e549948941fa279c3d27fd"}
,"C:\\Users\\Vitjohn Technology\\Desktop\\Great Brands Nigeria Limited\\middleware\\authMiddleware.js": {"path":"C:\\Users\\Vitjohn Technology\\Desktop\\Great Brands Nigeria Limited\\middleware\\authMiddleware.js","statementMap":{"0":{"start":{"line":1,"column":12},"end":{"line":1,"column":35}},"1":{"start":{"line":2,"column":28},"end":{"line":2,"column":51}},"2":{"start":{"line":5,"column":20},"end":{"line":27,"column":1}},"3":{"start":{"line":6,"column":2},"end":{"line":6,"column":47}},"4":{"start":{"line":7,"column":16},"end":{"line":7,"column":67}},"5":{"start":{"line":8,"column":2},"end":{"line":8,"column":40}},"6":{"start":{"line":9,"column":2},"end":{"line":9,"column":76}},"7":{"start":{"line":9,"column":14},"end":{"line":9,"column":76}},"8":{"start":{"line":11,"column":2},"end":{"line":26,"column":3}},"9":{"start":{"line":12,"column":26},"end":{"line":12,"column":69}},"10":{"start":{"line":13,"column":4},"end":{"line":13,"column":105}},"11":{"start":{"line":13,"column":23},"end":{"line":13,"column":105}},"12":{"start":{"line":15,"column":20},"end":{"line":15,"column":61}},"13":{"start":{"line":16,"column":4},"end":{"line":16,"column":23}},"14":{"start":{"line":18,"column":26},"end":{"line":18,"column":76}},"15":{"start":{"line":19,"column":4},"end":{"line":19,"column":106}},"16":{"start":{"line":19,"column":24},"end":{"line":19,"column":106}},"17":{"start":{"line":21,"column":4},"end":{"line":21,"column":72}},"18":{"start":{"line":23,"column":4},"end":{"line":23,"column":11}},"19":{"start":{"line":25,"column":4},"end":{"line":25,"column":55}},"20":{"start":{"line":29,"column":19},"end":{"line":36,"column":1}},"21":{"start":{"line":30,"column":2},"end":{"line":35,"column":4}},"22":{"start":{"line":31,"column":4},"end":{"line":33,"column":5}},"23":{"start":{"line":32,"column":6},"end":{"line":32,"column":93}},"24":{"start":{"line":34,"column":4},"end":{"line":34,"column":11}},"25":{"start":{"line":40,"column":20},"end":{"line":53,"column":1}},"26":{"start":{"line":41,"column":21},"end":{"line":41,"column":29}},"27":{"start":{"line":43,"column":2},"end":{"line":52,"column":3}},"28":{"start":{"line":44,"column":19},"end":{"line":44,"column":84}},"29":{"start":{"line":45,"column":4},"end":{"line":47,"column":5}},"30":{"start":{"line":46,"column":6},"end":{"line":46,"column":105}},"31":{"start":{"line":48,"column":4},"end":{"line":48,"column":11}},"32":{"start":{"line":50,"column":4},"end":{"line":50,"column":25}},"33":{"start":{"line":51,"column":4},"end":{"line":51,"column":68}},"34":{"start":{"line":55,"column":0},"end":{"line":55,"column":58}}},"fnMap":{"0":{"name":"(anonymous_0)","decl":{"start":{"line":5,"column":20},"end":{"line":5,"column":21}},"loc":{"start":{"line":5,"column":46},"end":{"line":27,"column":1}},"line":5},"1":{"name":"(anonymous_1)","decl":{"start":{"line":29,"column":19},"end":{"line":29,"column":20}},"loc":{"start":{"line":29,"column":30},"end":{"line":36,"column":1}},"line":29},"2":{"name":"(anonymous_2)","decl":{"start":{"line":30,"column":9},"end":{"line":30,"column":10}},"loc":{"start":{"line":30,"column":29},"end":{"line":35,"column":3}},"line":30},"3":{"name":"(anonymous_3)","decl":{"start":{"line":40,"column":20},"end":{"line":40,"column":21}},"loc":{"start":{"line":40,"column":46},"end":{"line":53,"column":1}},"line":40}},"branchMap":{"0":{"loc":{"start":{"line":9,"column":2},"end":{"line":9,"column":76}},"type":"if","locations":[{"start":{"line":9,"column":2},"end":{"line":9,"column":76}},{"start":{},"end":{}}],"line":9},"1":{"loc":{"start":{"line":13,"column":4},"end":{"line":13,"column":105}},"type":"if","locations":[{"start":{"line":13,"column":4},"end":{"line":13,"column":105}},{"start":{},"end":{}}],"line":13},"2":{"loc":{"start":{"line":19,"column":4},"end":{"line":19,"column":106}},"type":"if","locations":[{"start":{"line":19,"column":4},"end":{"line":19,"column":106}},{"start":{},"end":{}}],"line":19},"3":{"loc":{"start":{"line":31,"column":4},"end":{"line":33,"column":5}},"type":"if","locations":[{"start":{"line":31,"column":4},"end":{"line":33,"column":5}},{"start":{},"end":{}}],"line":31},"4":{"loc":{"start":{"line":45,"column":4},"end":{"line":47,"column":5}},"type":"if","locations":[{"start":{"line":45,"column":4},"end":{"line":47,"column":5}},{"start":{},"end":{}}],"line":45},"5":{"loc":{"start":{"line":45,"column":8},"end":{"line":45,"column":52}},"type":"binary-expr","locations":[{"start":{"line":45,"column":8},"end":{"line":45,"column":20}},{"start":{"line":45,"column":24},"end":{"line":45,"column":52}}],"line":45}},"s":{"0":2,"1":2,"2":2,"3":4,"4":4,"5":4,"6":4,"7":0,"8":4,"9":4,"10":4,"11":0,"12":4,"13":4,"14":4,"15":4,"16":0,"17":4,"18":4,"19":0,"20":2,"21":0,"22":0,"23":0,"24":0,"25":2,"26":0,"27":0,"28":0,"29":0,"30":0,"31":0,"32":0,"33":0,"34":2},"f":{"0":4,"1":0,"2":0,"3":0},"b":{"0":[0,4],"1":[0,4],"2":[0,4],"3":[0,0],"4":[0,0],"5":[0,0]},"_coverageSchema":"1a1c01bbd47fc00a2c39e90264f33305004495a9","hash":"4f8dee18365d6b32b73a37ac34da8d2299561e21"}
,"C:\\Users\\Vitjohn Technology\\Desktop\\Great Brands Nigeria Limited\\models\\userModel.js": {"path":"C:\\Users\\Vitjohn Technology\\Desktop\\Great Brands Nigeria Limited\\models\\userModel.js","statementMap":{"0":{"start":{"line":1,"column":15},"end":{"line":1,"column":38}},"1":{"start":{"line":4,"column":19},"end":{"line":17,"column":1}},"2":{"start":{"line":5,"column":2},"end":{"line":5,"column":38}},"3":{"start":{"line":6,"column":2},"end":{"line":16,"column":5}},"4":{"start":{"line":7,"column":16},"end":{"line":7,"column":114}},"5":{"start":{"line":8,"column":4},"end":{"line":15,"column":7}},"6":{"start":{"line":9,"column":6},"end":{"line":12,"column":7}},"7":{"start":{"line":10,"column":8},"end":{"line":10,"column":51}},"8":{"start":{"line":11,"column":8},"end":{"line":11,"column":27}},"9":{"start":{"line":13,"column":6},"end":{"line":13,"column":61}},"10":{"start":{"line":14,"column":6},"end":{"line":14,"column":32}},"11":{"start":{"line":20,"column":24},"end":{"line":33,"column":1}},"12":{"start":{"line":21,"column":2},"end":{"line":21,"column":47}},"13":{"start":{"line":22,"column":2},"end":{"line":32,"column":5}},"14":{"start":{"line":23,"column":16},"end":{"line":23,"column":53}},"15":{"start":{"line":24,"column":4},"end":{"line":31,"column":7}},"16":{"start":{"line":25,"column":6},"end":{"line":28,"column":7}},"17":{"start":{"line":26,"column":8},"end":{"line":26,"column":56}},"18":{"start":{"line":27,"column":8},"end":{"line":27,"column":27}},"19":{"start":{"line":29,"column":6},"end":{"line":29,"column":51}},"20":{"start":{"line":30,"column":6},"end":{"line":30,"column":26}},"21":{"start":{"line":36,"column":19},"end":{"line":44,"column":1}},"22":{"start":{"line":37,"column":2},"end":{"line":43,"column":5}},"23":{"start":{"line":38,"column":16},"end":{"line":38,"column":62}},"24":{"start":{"line":39,"column":4},"end":{"line":42,"column":7}},"25":{"start":{"line":40,"column":6},"end":{"line":40,"column":34}},"26":{"start":{"line":40,"column":15},"end":{"line":40,"column":34}},"27":{"start":{"line":41,"column":6},"end":{"line":41,"column":23}},"28":{"start":{"line":46,"column":0},"end":{"line":46,"column":61}}},"fnMap":{"0":{"name":"(anonymous_0)","decl":{"start":{"line":4,"column":19},"end":{"line":4,"column":20}},"loc":{"start":{"line":4,"column":35},"end":{"line":17,"column":1}},"line":4},"1":{"name":"(anonymous_1)","decl":{"start":{"line":6,"column":21},"end":{"line":6,"column":22}},"loc":{"start":{"line":6,"column":42},"end":{"line":16,"column":3}},"line":6},"2":{"name":"(anonymous_2)","decl":{"start":{"line":8,"column":91},"end":{"line":8,"column":92}},"loc":{"start":{"line":8,"column":109},"end":{"line":15,"column":5}},"line":8},"3":{"name":"(anonymous_3)","decl":{"start":{"line":20,"column":24},"end":{"line":20,"column":25}},"loc":{"start":{"line":20,"column":41},"end":{"line":33,"column":1}},"line":20},"4":{"name":"(anonymous_4)","decl":{"start":{"line":22,"column":21},"end":{"line":22,"column":22}},"loc":{"start":{"line":22,"column":42},"end":{"line":32,"column":3}},"line":22},"5":{"name":"(anonymous_5)","decl":{"start":{"line":24,"column":27},"end":{"line":24,"column":28}},"loc":{"start":{"line":24,"column":45},"end":{"line":31,"column":5}},"line":24},"6":{"name":"(anonymous_6)","decl":{"start":{"line":36,"column":19},"end":{"line":36,"column":20}},"loc":{"start":{"line":36,"column":37},"end":{"line":44,"column":1}},"line":36},"7":{"name":"(anonymous_7)","decl":{"start":{"line":37,"column":21},"end":{"line":37,"column":22}},"loc":{"start":{"line":37,"column":42},"end":{"line":43,"column":3}},"line":37},"8":{"name":"(anonymous_8)","decl":{"start":{"line":39,"column":28},"end":{"line":39,"column":29}},"loc":{"start":{"line":39,"column":46},"end":{"line":42,"column":5}},"line":39}},"branchMap":{"0":{"loc":{"start":{"line":9,"column":6},"end":{"line":12,"column":7}},"type":"if","locations":[{"start":{"line":9,"column":6},"end":{"line":12,"column":7}},{"start":{},"end":{}}],"line":9},"1":{"loc":{"start":{"line":25,"column":6},"end":{"line":28,"column":7}},"type":"if","locations":[{"start":{"line":25,"column":6},"end":{"line":28,"column":7}},{"start":{},"end":{}}],"line":25},"2":{"loc":{"start":{"line":40,"column":6},"end":{"line":40,"column":34}},"type":"if","locations":[{"start":{"line":40,"column":6},"end":{"line":40,"column":34}},{"start":{},"end":{}}],"line":40}},"s":{"0":2,"1":2,"2":0,"3":0,"4":0,"5":0,"6":0,"7":0,"8":0,"9":0,"10":0,"11":2,"12":0,"13":0,"14":0,"15":0,"16":0,"17":0,"18":0,"19":0,"20":0,"21":2,"22":0,"23":0,"24":0,"25":0,"26":0,"27":0,"28":2},"f":{"0":0,"1":0,"2":0,"3":0,"4":0,"5":0,"6":0,"7":0,"8":0},"b":{"0":[0,0],"1":[0,0],"2":[0,0]},"_coverageSchema":"1a1c01bbd47fc00a2c39e90264f33305004495a9","hash":"78e967c40b4b1967328ccecd55ab9da8e5c9b2f2"}
,"C:\\Users\\Vitjohn Technology\\Desktop\\Great Brands Nigeria Limited\\routes\\authRoutes.js": {"path":"C:\\Users\\Vitjohn Technology\\Desktop\\Great Brands Nigeria Limited\\routes\\authRoutes.js","statementMap":{"0":{"start":{"line":1,"column":16},"end":{"line":1,"column":34}},"1":{"start":{"line":2,"column":17},"end":{"line":2,"column":45}},"2":{"start":{"line":10,"column":4},"end":{"line":10,"column":44}},"3":{"start":{"line":12,"column":24},"end":{"line":12,"column":63}},"4":{"start":{"line":13,"column":0},"end":{"line":13,"column":11}},"5":{"start":{"line":14,"column":15},"end":{"line":14,"column":31}},"6":{"start":{"line":17,"column":27},"end":{"line":22,"column":1}},"7":{"start":{"line":24,"column":24},"end":{"line":27,"column":1}},"8":{"start":{"line":30,"column":0},"end":{"line":30,"column":59}},"9":{"start":{"line":31,"column":0},"end":{"line":31,"column":51}},"10":{"start":{"line":32,"column":0},"end":{"line":32,"column":50}},"11":{"start":{"line":33,"column":0},"end":{"line":33,"column":38}},"12":{"start":{"line":34,"column":0},"end":{"line":34,"column":47}},"13":{"start":{"line":35,"column":0},"end":{"line":35,"column":48}},"14":{"start":{"line":37,"column":0},"end":{"line":37,"column":24}}},"fnMap":{},"branchMap":{},"s":{"0":2,"1":2,"2":2,"3":2,"4":2,"5":2,"6":2,"7":2,"8":2,"9":2,"10":2,"11":2,"12":2,"13":2,"14":2},"f":{},"b":{},"_coverageSchema":"1a1c01bbd47fc00a2c39e90264f33305004495a9","hash":"3895f222ff0919725b59b6105adcfba62263f431"}
,"C:\\Users\\Vitjohn Technology\\Desktop\\Great Brands Nigeria Limited\\routes\\bookingRoutes.js": {"path":"C:\\Users\\Vitjohn Technology\\Desktop\\Great Brands Nigeria Limited\\routes\\bookingRoutes.js","statementMap":{"0":{"start":{"line":2,"column":16},"end":{"line":2,"column":34}},"1":{"start":{"line":3,"column":25},"end":{"line":3,"column":68}},"2":{"start":{"line":4,"column":28},"end":{"line":4,"column":68}},"3":{"start":{"line":6,"column":15},"end":{"line":6,"column":31}},"4":{"start":{"line":9,"column":0},"end":{"line":9,"column":67}},"5":{"start":{"line":10,"column":0},"end":{"line":10,"column":54}},"6":{"start":{"line":11,"column":0},"end":{"line":11,"column":64}},"7":{"start":{"line":12,"column":0},"end":{"line":12,"column":60}},"8":{"start":{"line":14,"column":0},"end":{"line":14,"column":24}}},"fnMap":{},"branchMap":{},"s":{"0":2,"1":2,"2":2,"3":2,"4":2,"5":2,"6":2,"7":2,"8":2},"f":{},"b":{},"_coverageSchema":"1a1c01bbd47fc00a2c39e90264f33305004495a9","hash":"22aa69cee8eab02e5e756f8481baa32464ea2d2f"}
,"C:\\Users\\Vitjohn Technology\\Desktop\\Great Brands Nigeria Limited\\routes\\eventRoutes.js": {"path":"C:\\Users\\Vitjohn Technology\\Desktop\\Great Brands Nigeria Limited\\routes\\eventRoutes.js","statementMap":{"0":{"start":{"line":1,"column":16},"end":{"line":1,"column":34}},"1":{"start":{"line":2,"column":15},"end":{"line":2,"column":31}},"2":{"start":{"line":3,"column":24},"end":{"line":3,"column":65}},"3":{"start":{"line":4,"column":24},"end":{"line":4,"column":63}},"4":{"start":{"line":7,"column":0},"end":{"line":7,"column":73}},"5":{"start":{"line":8,"column":0},"end":{"line":8,"column":66}},"6":{"start":{"line":9,"column":0},"end":{"line":9,"column":69}},"7":{"start":{"line":10,"column":0},"end":{"line":10,"column":74}},"8":{"start":{"line":11,"column":0},"end":{"line":11,"column":63}},"9":{"start":{"line":14,"column":0},"end":{"line":14,"column":63}},"10":{"start":{"line":16,"column":0},"end":{"line":16,"column":24}}},"fnMap":{},"branchMap":{},"s":{"0":2,"1":2,"2":2,"3":2,"4":2,"5":2,"6":2,"7":2,"8":2,"9":2,"10":2},"f":{},"b":{},"_coverageSchema":"1a1c01bbd47fc00a2c39e90264f33305004495a9","hash":"a630f6b3b7ea25595527065393f2aad7f0601663"}
,"C:\\Users\\Vitjohn Technology\\Desktop\\Great Brands Nigeria Limited\\routes\\paystackRoutes.js": {"path":"C:\\Users\\Vitjohn Technology\\Desktop\\Great Brands Nigeria Limited\\routes\\paystackRoutes.js","statementMap":{"0":{"start":{"line":1,"column":15},"end":{"line":1,"column":42}},"1":{"start":{"line":2,"column":24},"end":{"line":2,"column":62}},"2":{"start":{"line":5,"column":0},"end":{"line":5,"column":62}},"3":{"start":{"line":6,"column":0},"end":{"line":6,"column":64}},"4":{"start":{"line":8,"column":0},"end":{"line":8,"column":24}}},"fnMap":{},"branchMap":{},"s":{"0":2,"1":2,"2":2,"3":2,"4":2},"f":{},"b":{},"_coverageSchema":"1a1c01bbd47fc00a2c39e90264f33305004495a9","hash":"725f0e0985fddf63cf100396cf49a6856ee19e45"}
,"C:\\Users\\Vitjohn Technology\\Desktop\\Great Brands Nigeria Limited\\services\\paystackService.js": {"path":"C:\\Users\\Vitjohn Technology\\Desktop\\Great Brands Nigeria Limited\\services\\paystackService.js","statementMap":{"0":{"start":{"line":1,"column":14},"end":{"line":1,"column":30}},"1":{"start":{"line":3,"column":28},"end":{"line":3,"column":89}},"2":{"start":{"line":6,"column":26},"end":{"line":19,"column":1}},"3":{"start":{"line":7,"column":28},"end":{"line":7,"column":36}},"4":{"start":{"line":8,"column":2},"end":{"line":18,"column":3}},"5":{"start":{"line":9,"column":21},"end":{"line":13,"column":5}},"6":{"start":{"line":14,"column":4},"end":{"line":14,"column":82}},"7":{"start":{"line":16,"column":4},"end":{"line":16,"column":91}},"8":{"start":{"line":17,"column":4},"end":{"line":17,"column":87}},"9":{"start":{"line":22,"column":22},"end":{"line":34,"column":1}},"10":{"start":{"line":23,"column":24},"end":{"line":23,"column":34}},"11":{"start":{"line":24,"column":2},"end":{"line":33,"column":3}},"12":{"start":{"line":25,"column":21},"end":{"line":28,"column":5}},"13":{"start":{"line":29,"column":4},"end":{"line":29,"column":67}},"14":{"start":{"line":31,"column":4},"end":{"line":31,"column":89}},"15":{"start":{"line":32,"column":4},"end":{"line":32,"column":85}},"16":{"start":{"line":36,"column":0},"end":{"line":36,"column":53}}},"fnMap":{"0":{"name":"(anonymous_0)","decl":{"start":{"line":6,"column":26},"end":{"line":6,"column":27}},"loc":{"start":{"line":6,"column":46},"end":{"line":19,"column":1}},"line":6},"1":{"name":"(anonymous_1)","decl":{"start":{"line":22,"column":22},"end":{"line":22,"column":23}},"loc":{"start":{"line":22,"column":42},"end":{"line":34,"column":1}},"line":22}},"branchMap":{"0":{"loc":{"start":{"line":3,"column":28},"end":{"line":3,"column":89}},"type":"binary-expr","locations":[{"start":{"line":3,"column":28},"end":{"line":3,"column":59}},{"start":{"line":3,"column":63},"end":{"line":3,"column":89}}],"line":3},"1":{"loc":{"start":{"line":16,"column":52},"end":{"line":16,"column":89}},"type":"binary-expr","locations":[{"start":{"line":16,"column":52},"end":{"line":16,"column":72}},{"start":{"line":16,"column":76},"end":{"line":16,"column":89}}],"line":16},"2":{"loc":{"start":{"line":31,"column":50},"end":{"line":31,"column":87}},"type":"binary-expr","locations":[{"start":{"line":31,"column":50},"end":{"line":31,"column":70}},{"start":{"line":31,"column":74},"end":{"line":31,"column":87}}],"line":31}},"s":{"0":1,"1":1,"2":1,"3":0,"4":0,"5":0,"6":0,"7":0,"8":0,"9":1,"10":0,"11":0,"12":0,"13":0,"14":0,"15":0,"16":1},"f":{"0":0,"1":0},"b":{"0":[1,0],"1":[0,0],"2":[0,0]},"_coverageSchema":"1a1c01bbd47fc00a2c39e90264f33305004495a9","hash":"8c0f61c9d86ffa63acc0cc74803327e35c9d80b1"}
,"C:\\Users\\Vitjohn Technology\\Desktop\\Great Brands Nigeria Limited\\utils\\email.js": {"path":"C:\\Users\\Vitjohn Technology\\Desktop\\Great Brands Nigeria Limited\\utils\\email.js","statementMap":{"0":{"start":{"line":1,"column":19},"end":{"line":1,"column":40}},"1":{"start":{"line":2,"column":15},"end":{"line":2,"column":32}},"2":{"start":{"line":4,"column":20},"end":{"line":10,"column":2}},"3":{"start":{"line":13,"column":20},"end":{"line":13,"column":69}},"4":{"start":{"line":13,"column":26},"end":{"line":13,"column":69}},"5":{"start":{"line":16,"column":21},"end":{"line":24,"column":1}},"6":{"start":{"line":17,"column":22},"end":{"line":22,"column":3}},"7":{"start":{"line":23,"column":2},"end":{"line":23,"column":42}},"8":{"start":{"line":27,"column":18},"end":{"line":36,"column":1}},"9":{"start":{"line":28,"column":27},"end":{"line":28,"column":88}},"10":{"start":{"line":29,"column":22},"end":{"line":34,"column":3}},"11":{"start":{"line":35,"column":2},"end":{"line":35,"column":42}},"12":{"start":{"line":38,"column":0},"end":{"line":38,"column":58}}},"fnMap":{"0":{"name":"(anonymous_0)","decl":{"start":{"line":13,"column":20},"end":{"line":13,"column":21}},"loc":{"start":{"line":13,"column":26},"end":{"line":13,"column":69}},"line":13},"1":{"name":"(anonymous_1)","decl":{"start":{"line":16,"column":21},"end":{"line":16,"column":22}},"loc":{"start":{"line":16,"column":42},"end":{"line":24,"column":1}},"line":16},"2":{"name":"(anonymous_2)","decl":{"start":{"line":27,"column":18},"end":{"line":27,"column":19}},"loc":{"start":{"line":27,"column":41},"end":{"line":36,"column":1}},"line":27}},"branchMap":{},"s":{"0":2,"1":2,"2":2,"3":2,"4":0,"5":2,"6":0,"7":0,"8":2,"9":0,"10":0,"11":0,"12":2},"f":{"0":0,"1":0,"2":0},"b":{},"_coverageSchema":"1a1c01bbd47fc00a2c39e90264f33305004495a9","hash":"22167d87daad37a685695e6b22960cde102663ef"}
,"C:\\Users\\Vitjohn Technology\\Desktop\\Great Brands Nigeria Limited\\utils\\jwt.js": {"path":"C:\\Users\\Vitjohn Technology\\Desktop\\Great Brands Nigeria Limited\\utils\\jwt.js","statementMap":{"0":{"start":{"line":1,"column":12},"end":{"line":1,"column":35}},"1":{"start":{"line":2,"column":0},"end":{"line":2,"column":27}},"2":{"start":{"line":4,"column":23},"end":{"line":18,"column":1}},"3":{"start":{"line":5,"column":22},"end":{"line":9,"column":3}},"4":{"start":{"line":11,"column":23},"end":{"line":15,"column":3}},"5":{"start":{"line":17,"column":2},"end":{"line":17,"column":39}},"6":{"start":{"line":20,"column":0},"end":{"line":20,"column":36}}},"fnMap":{"0":{"name":"(anonymous_0)","decl":{"start":{"line":4,"column":23},"end":{"line":4,"column":24}},"loc":{"start":{"line":4,"column":33},"end":{"line":18,"column":1}},"line":4}},"branchMap":{},"s":{"0":2,"1":2,"2":2,"3":0,"4":0,"5":0,"6":2},"f":{"0":0},"b":{},"_coverageSchema":"1a1c01bbd47fc00a2c39e90264f33305004495a9","hash":"27ecf91626b4aad270bd57983efc80c1c90369d3"}
}
